<?xml version="1.0" encoding="UTF-8"?>
<!-- Generated by org.testng.reporters.JUnitXMLReporter -->
<testsuite ignored="4" hostname="DESKTOP-SA70GI3" failures="4" tests="8" name="Test(failed)" time="29.111" errors="0" timestamp="2024-08-13T09:49:38 IST">
  <testcase classname="TestNGConcepts.HardAssertConcept" name="logodipalyed" time="0.195"/>
  <testcase classname="TestNGConcepts.HardAssertConcept" name="pageTitleTest" time="3.319"/>
  <testcase classname="TestNGConcepts.dependsOnMethods" name="loginapplication" time="0.002">
    <failure type="java.lang.ArithmeticException" message="/ by zero">
      <![CDATA[java.lang.ArithmeticException: / by zero
at TestNGConcepts.dependsOnMethods.loginapplication(dependsOnMethods.java:14)
at java.base/java.util.ArrayList.forEach(ArrayList.java:1511)
... Removed 27 stack frames]]>
    </failure>
  </testcase> <!-- loginapplication -->
  <testcase classname="TestNGConcepts.dependsOnMethods" name="createstory" time="0.001">
    <skipped/>
  </testcase> <!-- createstory -->
  <testcase classname="TestNGConcepts.dependsOnMethods" name="imageupload" time="0.002">
    <skipped/>
  </testcase> <!-- imageupload -->
  <testcase classname="TestNGConcepts.SoftassertConcept" name="logodipalyed" time="0.132">
    <failure type="java.lang.AssertionError" message="The following asserts failed:
	expected [false] but found [true]">
      <![CDATA[java.lang.AssertionError: The following asserts failed:
expected [false] but found [true]
at TestNGConcepts.SoftassertConcept.logodipalyed(SoftassertConcept.java:98)
at java.base/java.util.ArrayList.forEach(ArrayList.java:1511)
... Removed 29 stack frames]]>
    </failure>
  </testcase> <!-- logodipalyed -->
  <testcase classname="TestNGConcepts.SoftassertConcept" name="pageTitleTest" time="2.001">
    <failure type="java.lang.AssertionError" message="The following asserts failed:
	expected [false] but found [true],
	Actual title is not match with expected title expected [Google123] but found [Google]">
      <![CDATA[java.lang.AssertionError: The following asserts failed:
expected [false] but found [true],
Actual title is not match with expected title expected [Google123] but found [Google]
at TestNGConcepts.SoftassertConcept.pageTitleTest(SoftassertConcept.java:69)
at java.base/java.util.ArrayList.forEach(ArrayList.java:1511)
... Removed 29 stack frames]]>
    </failure>
  </testcase> <!-- pageTitleTest -->
  <testcase classname="TestNGConcepts.SoftassertConcept" name="assernull" time="0.008">
    <failure type="java.lang.AssertionError" message="The following asserts failed:
	expected [false] but found [true],
	Actual title is not match with expected title expected [Google123] but found [Google],
	expected [null] but found [Vishwatech]">
      <![CDATA[java.lang.AssertionError: The following asserts failed:
expected [false] but found [true],
Actual title is not match with expected title expected [Google123] but found [Google],
expected [null] but found [Vishwatech]
at TestNGConcepts.SoftassertConcept.assernull(SoftassertConcept.java:122)
at java.base/java.util.ArrayList.forEach(ArrayList.java:1511)
... Removed 29 stack frames]]>
    </failure>
  </testcase> <!-- assernull -->
  <testcase classname="TestNGConcepts.HardAssertConcept" name="assernull" time="0.0">
    <ignored/>
  </testcase> <!-- assernull -->
  <testcase classname="TestNGConcepts.dependsOnMethods" name="verifylogoTest" time="0.0">
    <ignored/>
  </testcase> <!-- verifylogoTest -->
  <testcase classname="TestNGConcepts.dependsOnMethods" name="verifyforgotlinkTest" time="0.0">
    <ignored/>
  </testcase> <!-- verifyforgotlinkTest -->
  <testcase classname="TestNGConcepts.dependsOnMethods" name="verifyTitleTest" time="0.0">
    <ignored/>
  </testcase> <!-- verifyTitleTest -->
</testsuite> <!-- Test(failed) -->
